Application/build/outputs/logs/manifest-merger-release-report.txt
-- Merging decision tree log ---
manifest
ADDED from src\main\AndroidManifest.xml:16:1-236:12
INJECTED from src\main\AndroidManifest.xml:16:1-236:12
INJECTED from src\main\AndroidManifest.xml:16:1-236:12
MERGED from [com.jackandphantom.android:blurimage:1.2.0] AndroidManifest.xml:2:1-11:12
MERGED from [com.android.support:support-v13:26.1.0] AndroidManifest.xml:17:1-31:12
MERGED from [com.google.firebase:firebase-firestore:12.0.0] AndroidManifest.xml:2:1-8:12
MERGED from [com.google.firebase:firebase-auth:12.0.0] AndroidManifest.xml:17:1-32:12
MERGED from [com.google.android.gms:play-services-auth:12.0.0] AndroidManifest.xml:17:1-39:12
MERGED from [com.google.firebase:firebase-messaging:12.0.0] AndroidManifest.xml:17:1-37:12
MERGED from [com.google.firebase:firebase-crash:12.0.0] AndroidManifest.xml:17:1-27:12
MERGED from [com.google.firebase:firebase-core:12.0.0] AndroidManifest.xml:2:1-6:12
MERGED from [com.google.firebase:firebase-analytics:12.0.0] AndroidManifest.xml:17:1-54:12
MERGED from [com.google.firebase:firebase-analytics-impl:12.0.0] AndroidManifest.xml:17:1-40:12
MERGED from [com.google.firebase:firebase-iid:12.0.0] AndroidManifest.xml:17:1-59:12
MERGED from [com.google.firebase:firebase-common:12.0.0] AndroidManifest.xml:2:1-15:12
MERGED from [com.google.android.gms:play-services-auth-api-phone:12.0.0] AndroidManifest.xml:2:1-7:12
MERGED from [com.google.android.gms:play-services-auth-base:12.0.0] AndroidManifest.xml:2:1-7:12
MERGED from [com.google.android.gms:play-services-base:12.0.0] AndroidManifest.xml:17:1-29:12
MERGED from [com.google.android.gms:play-services-tasks:12.0.0] AndroidManifest.xml:2:1-9:12
MERGED from [com.google.android.gms:play-services-basement:12.0.0] AndroidManifest.xml:17:1-28:12
MERGED from [com.facebook.android:facebook-login:4.33.0] AndroidManifest.xml:21:1-31:12
MERGED from [com.facebook.android:facebook-common:4.33.0] AndroidManifest.xml:21:1-36:12
MERGED from [com.jaeger.statusbarutil:library:1.4.0] AndroidManifest.xml:2:1-13:12
MERGED from [com.android.support:design:26.1.0] AndroidManifest.xml:17:1-31:12
MERGED from [com.android.support:transition:26.1.0] AndroidManifest.xml:17:1-28:12
MERGED from [com.android.support:support-v4:27.0.2] AndroidManifest.xml:17:1-22:12
MERGED from [com.android.support:cardview-v7:27.0.2] AndroidManifest.xml:17:1-22:12
MERGED from [com.android.support:recyclerview-v7:26.1.0] AndroidManifest.xml:17:1-28:12
MERGED from [com.github.florent37:diagonallayout:1.0.7] AndroidManifest.xml:2:1-12:12
MERGED from [com.android.volley:volley:1.1.0] AndroidManifest.xml:2:1-11:12
MERGED from [io.paperdb:paperdb:2.5] AndroidManifest.xml:2:1-14:12
MERGED from [com.makeramen:roundedimageview:2.3.0] AndroidManifest.xml:2:1-9:12
MERGED from [com.github.liuguangqiang.swipeback:library:1.0.2] AndroidManifest.xml:2:1-11:12
MERGED from [com.android.support:appcompat-v7:27.0.2] AndroidManifest.xml:17:1-22:12
MERGED from [com.android.support.constraint:constraint-layout:1.0.2] AndroidManifest.xml:2:1-11:12
MERGED from [com.crashlytics.sdk.android:crashlytics:2.9.1] AndroidManifest.xml:2:1-19:12
MERGED from [com.firebase:firebase-jobdispatcher:0.8.5] AndroidManifest.xml:17:1-42:12
MERGED from [com.android.support:multidex:1.0.2] AndroidManifest.xml:17:1-22:12
MERGED from [com.facebook.android:facebook-core:4.33.0] AndroidManifest.xml:21:1-53:12
MERGED from [com.android.support:support-fragment:27.0.2] AndroidManifest.xml:17:1-22:12
MERGED from [com.android.support:support-core-utils:27.0.2] AndroidManifest.xml:17:1-22:12
MERGED from [com.android.support:customtabs:27.0.2] AndroidManifest.xml:17:1-22:12
MERGED from [com.android.support:support-media-compat:27.0.2] AndroidManifest.xml:17:1-22:12
MERGED from [com.android.support:animated-vector-drawable:27.0.2] AndroidManifest.xml:17:1-22:12
MERGED from [com.android.support:support-vector-drawable:27.0.2] AndroidManifest.xml:17:1-22:12
MERGED from [com.android.support:support-core-ui:27.0.2] AndroidManifest.xml:17:1-22:12
MERGED from [com.android.support:support-compat:27.0.2] AndroidManifest.xml:17:1-22:12
MERGED from [com.google.firebase:firebase-auth-license:12.0.0] AndroidManifest.xml:2:1-8:12
MERGED from [com.google.firebase:firebase-messaging-license:12.0.0] AndroidManifest.xml:2:1-8:12
MERGED from [com.crashlytics.sdk.android:beta:1.2.7] AndroidManifest.xml:2:1-13:12
MERGED from [com.crashlytics.sdk.android:crashlytics-core:2.6.1] AndroidManifest.xml:45:1-56:12
MERGED from [com.crashlytics.sdk.android:answers:1.4.1] AndroidManifest.xml:2:1-13:12
MERGED from [io.fabric.sdk.android:fabric:1.4.2] AndroidManifest.xml:22:1-33:12
MERGED from [com.google.firebase:firebase-crash-license:12.0.0] AndroidManifest.xml:2:1-8:12
MERGED from [com.google.android.gms:play-services-basement-license:12.0.0] AndroidManifest.xml:2:1-8:12
MERGED from [com.google.firebase:firebase-common-license:12.0.0] AndroidManifest.xml:2:1-8:12
MERGED from [com.google.android.gms:play-services-tasks-license:12.0.0] AndroidManifest.xml:2:1-8:12
MERGED from [com.google.android.gms:play-services-base-license:12.0.0] AndroidManifest.xml:2:1-8:12
MERGED from [com.google.android.gms:play-services-auth-api-phone-license:12.0.0] AndroidManifest.xml:2:1-8:12
MERGED from [com.google.android.gms:play-services-auth-base-license:12.0.0] AndroidManifest.xml:2:1-8:12
MERGED from [com.google.firebase:firebase-analytics-license:12.0.0] AndroidManifest.xml:2:1-8:12
MERGED from [com.google.firebase:firebase-iid-license:12.0.0] AndroidManifest.xml:2:1-8:12
MERGED from [com.google.firebase:firebase-analytics-impl-license:12.0.0] AndroidManifest.xml:2:1-8:12
MERGED from [android.arch.lifecycle:runtime:1.0.3] AndroidManifest.xml:17:1-24:12
INJECTED from src\main\AndroidManifest.xml:16:1-236:12
INJECTED from src\main\AndroidManifest.xml:16:1-236:12
	package
		ADDED from src\main\AndroidManifest.xml:17:5-39
	android:versionName
		INJECTED from src\main\AndroidManifest.xml
		ADDED from src\main\AndroidManifest.xml:16:1-236:12
		INJECTED from src\main\AndroidManifest.xml
	android:versionCode
		INJECTED from src\main\AndroidManifest.xml
		ADDED from src\main\AndroidManifest.xml:16:1-236:12
		INJECTED from src\main\AndroidManifest.xml
	xmlns:android
		ADDED from src\main\AndroidManifest.xml:16:11-69
	android:theme
		ADDED from src\main\AndroidManifest.xml:18:5-36
uses-permission#android.permission.INTERNET
ADDED from src\main\AndroidManifest.xml:20:5-67
MERGED from [com.google.firebase:firebase-crash:12.0.0] AndroidManifest.xml:22:5-67
MERGED from [com.google.firebase:firebase-crash:12.0.0] AndroidManifest.xml:22:5-67
MERGED from [com.google.firebase:firebase-analytics:12.0.0] AndroidManifest.xml:23:5-67
MERGED from [com.google.firebase:firebase-analytics:12.0.0] AndroidManifest.xml:23:5-67
MERGED from [com.google.firebase:firebase-analytics-impl:12.0.0] AndroidManifest.xml:23:5-67
MERGED from [com.google.firebase:firebase-analytics-impl:12.0.0] AndroidManifest.xml:23:5-67
MERGED from [com.google.firebase:firebase-iid:12.0.0] AndroidManifest.xml:23:5-67
MERGED from [com.google.firebase:firebase-iid:12.0.0] AndroidManifest.xml:23:5-67
MERGED from [com.crashlytics.sdk.android:crashlytics:2.9.1] AndroidManifest.xml:9:5-67
MERGED from [com.crashlytics.sdk.android:crashlytics:2.9.1] AndroidManifest.xml:9:5-67
MERGED from [com.crashlytics.sdk.android:beta:1.2.7] AndroidManifest.xml:9:5-67
MERGED from [com.crashlytics.sdk.android:beta:1.2.7] AndroidManifest.xml:9:5-67
MERGED from [com.crashlytics.sdk.android:crashlytics-core:2.6.1] AndroidManifest.xml:52:5-67
MERGED from [com.crashlytics.sdk.android:crashlytics-core:2.6.1] AndroidManifest.xml:52:5-67
MERGED from [com.crashlytics.sdk.android:answers:1.4.1] AndroidManifest.xml:9:5-67
MERGED from [com.crashlytics.sdk.android:answers:1.4.1] AndroidManifest.xml:9:5-67
MERGED from [io.fabric.sdk.android:fabric:1.4.2] AndroidManifest.xml:29:5-67
MERGED from [io.fabric.sdk.android:fabric:1.4.2] AndroidManifest.xml:29:5-67
	android:name
		ADDED from src\main\AndroidManifest.xml:20:22-64
uses-permission#android.permission.WRITE_EXTERNAL_STORAGE
ADDED from src\main\AndroidManifest.xml:21:5-81
	android:name
		ADDED from src\main\AndroidManifest.xml:21:22-78
uses-permission#android.permission.WAKE_LOCK
ADDED from src\main\AndroidManifest.xml:22:5-68
MERGED from [com.google.firebase:firebase-analytics:12.0.0] AndroidManifest.xml:25:5-68
MERGED from [com.google.firebase:firebase-analytics:12.0.0] AndroidManifest.xml:25:5-68
MERGED from [com.google.firebase:firebase-analytics-impl:12.0.0] AndroidManifest.xml:25:5-68
MERGED from [com.google.firebase:firebase-analytics-impl:12.0.0] AndroidManifest.xml:25:5-68
MERGED from [com.google.firebase:firebase-iid:12.0.0] AndroidManifest.xml:24:5-68
MERGED from [com.google.firebase:firebase-iid:12.0.0] AndroidManifest.xml:24:5-68
	android:name
		ADDED from src\main\AndroidManifest.xml:22:22-65
uses-permission#android.permission.ACCESS_NETWORK_STATE
ADDED from src\main\AndroidManifest.xml:23:5-79
MERGED from [com.google.firebase:firebase-analytics:12.0.0] AndroidManifest.xml:24:5-79
MERGED from [com.google.firebase:firebase-analytics:12.0.0] AndroidManifest.xml:24:5-79
MERGED from [com.google.firebase:firebase-analytics-impl:12.0.0] AndroidManifest.xml:24:5-79
MERGED from [com.google.firebase:firebase-analytics-impl:12.0.0] AndroidManifest.xml:24:5-79
MERGED from [com.google.firebase:firebase-iid:12.0.0] AndroidManifest.xml:22:5-79
MERGED from [com.google.firebase:firebase-iid:12.0.0] AndroidManifest.xml:22:5-79
	android:name
		ADDED from src\main\AndroidManifest.xml:23:22-76
application
ADDED from src\main\AndroidManifest.xml:25:5-234:19
MERGED from [com.android.support:support-v13:26.1.0] AndroidManifest.xml:25:5-29:19
MERGED from [com.android.support:support-v13:26.1.0] AndroidManifest.xml:25:5-29:19
MERGED from [com.google.firebase:firebase-auth:12.0.0] AndroidManifest.xml:22:5-30:19
MERGED from [com.google.firebase:firebase-auth:12.0.0] AndroidManifest.xml:22:5-30:19
MERGED from [com.google.android.gms:play-services-auth:12.0.0] AndroidManifest.xml:22:5-37:19
MERGED from [com.google.android.gms:play-services-auth:12.0.0] AndroidManifest.xml:22:5-37:19
MERGED from [com.google.firebase:firebase-messaging:12.0.0] AndroidManifest.xml:22:5-35:19
MERGED from [com.google.firebase:firebase-messaging:12.0.0] AndroidManifest.xml:22:5-35:19
MERGED from [com.google.firebase:firebase-crash:12.0.0] AndroidManifest.xml:24:5-25:19
MERGED from [com.google.firebase:firebase-crash:12.0.0] AndroidManifest.xml:24:5-25:19
MERGED from [com.google.firebase:firebase-core:12.0.0] AndroidManifest.xml:5:5-20
MERGED from [com.google.firebase:firebase-core:12.0.0] AndroidManifest.xml:5:5-20
MERGED from [com.google.firebase:firebase-analytics:12.0.0] AndroidManifest.xml:27:5-52:19
MERGED from [com.google.firebase:firebase-analytics:12.0.0] AndroidManifest.xml:27:5-52:19
MERGED from [com.google.firebase:firebase-analytics-impl:12.0.0] AndroidManifest.xml:27:5-38:19
MERGED from [com.google.firebase:firebase-analytics-impl:12.0.0] AndroidManifest.xml:27:5-38:19
MERGED from [com.google.firebase:firebase-iid:12.0.0] AndroidManifest.xml:34:5-57:19
MERGED from [com.google.firebase:firebase-iid:12.0.0] AndroidManifest.xml:34:5-57:19
MERGED from [com.google.firebase:firebase-common:12.0.0] AndroidManifest.xml:7:5-13:19
MERGED from [com.google.firebase:firebase-common:12.0.0] AndroidManifest.xml:7:5-13:19
MERGED from [com.google.android.gms:play-services-base:12.0.0] AndroidManifest.xml:22:5-27:19
MERGED from [com.google.android.gms:play-services-base:12.0.0] AndroidManifest.xml:22:5-27:19
MERGED from [com.google.android.gms:play-services-tasks:12.0.0] AndroidManifest.xml:7:5-20
MERGED from [com.google.android.gms:play-services-tasks:12.0.0] AndroidManifest.xml:7:5-20
MERGED from [com.google.android.gms:play-services-basement:12.0.0] AndroidManifest.xml:22:5-26:19
MERGED from [com.google.android.gms:play-services-basement:12.0.0] AndroidManifest.xml:22:5-26:19
MERGED from [com.facebook.android:facebook-login:4.33.0] AndroidManifest.xml:28:5-29:19
MERGED from [com.facebook.android:facebook-login:4.33.0] AndroidManifest.xml:28:5-29:19
MERGED from [com.facebook.android:facebook-common:4.33.0] AndroidManifest.xml:28:5-34:19
MERGED from [com.facebook.android:facebook-common:4.33.0] AndroidManifest.xml:28:5-34:19
MERGED from [com.jaeger.statusbarutil:library:1.4.0] AndroidManifest.xml:11:5-20
MERGED from [com.jaeger.statusbarutil:library:1.4.0] AndroidManifest.xml:11:5-20
MERGED from [com.android.support:design:26.1.0] AndroidManifest.xml:25:5-29:19
MERGED from [com.android.support:design:26.1.0] AndroidManifest.xml:25:5-29:19
MERGED from [com.android.support:transition:26.1.0] AndroidManifest.xml:22:5-26:19
MERGED from [com.android.support:transition:26.1.0] AndroidManifest.xml:22:5-26:19
MERGED from [com.android.support:recyclerview-v7:26.1.0] AndroidManifest.xml:22:5-26:19
MERGED from [com.android.support:recyclerview-v7:26.1.0] AndroidManifest.xml:22:5-26:19
MERGED from [com.android.volley:volley:1.1.0] AndroidManifest.xml:9:5-20
MERGED from [com.android.volley:volley:1.1.0] AndroidManifest.xml:9:5-20
MERGED from [io.paperdb:paperdb:2.5] AndroidManifest.xml:12:5-20
MERGED from [io.paperdb:paperdb:2.5] AndroidManifest.xml:12:5-20
MERGED from [com.github.liuguangqiang.swipeback:library:1.0.2] AndroidManifest.xml:9:5-47
MERGED from [com.github.liuguangqiang.swipeback:library:1.0.2] AndroidManifest.xml:9:5-47
MERGED from [com.android.support.constraint:constraint-layout:1.0.2] AndroidManifest.xml:9:5-20
MERGED from [com.android.support.constraint:constraint-layout:1.0.2] AndroidManifest.xml:9:5-20
MERGED from [com.crashlytics.sdk.android:crashlytics:2.9.1] AndroidManifest.xml:11:5-17:19
MERGED from [com.crashlytics.sdk.android:crashlytics:2.9.1] AndroidManifest.xml:11:5-17:19
MERGED from [com.firebase:firebase-jobdispatcher:0.8.5] AndroidManifest.xml:26:5-40:19
MERGED from [com.firebase:firebase-jobdispatcher:0.8.5] AndroidManifest.xml:26:5-40:19
MERGED from [com.facebook.android:facebook-core:4.33.0] AndroidManifest.xml:28:5-51:19
MERGED from [com.facebook.android:facebook-core:4.33.0] AndroidManifest.xml:28:5-51:19
MERGED from [com.google.firebase:firebase-auth-license:12.0.0] AndroidManifest.xml:5:5-6:19
MERGED from [com.google.firebase:firebase-auth-license:12.0.0] AndroidManifest.xml:5:5-6:19
MERGED from [com.google.firebase:firebase-messaging-license:12.0.0] AndroidManifest.xml:5:5-6:19
MERGED from [com.google.firebase:firebase-messaging-license:12.0.0] AndroidManifest.xml:5:5-6:19
MERGED from [com.crashlytics.sdk.android:beta:1.2.7] AndroidManifest.xml:11:5-20
MERGED from [com.crashlytics.sdk.android:beta:1.2.7] AndroidManifest.xml:11:5-20
MERGED from [com.crashlytics.sdk.android:crashlytics-core:2.6.1] AndroidManifest.xml:54:5-20
MERGED from [com.crashlytics.sdk.android:crashlytics-core:2.6.1] AndroidManifest.xml:54:5-20
MERGED from [com.crashlytics.sdk.android:answers:1.4.1] AndroidManifest.xml:11:5-20
MERGED from [com.crashlytics.sdk.android:answers:1.4.1] AndroidManifest.xml:11:5-20
MERGED from [io.fabric.sdk.android:fabric:1.4.2] AndroidManifest.xml:31:5-20
MERGED from [io.fabric.sdk.android:fabric:1.4.2] AndroidManifest.xml:31:5-20
MERGED from [com.google.firebase:firebase-crash-license:12.0.0] AndroidManifest.xml:5:5-6:19
MERGED from [com.google.firebase:firebase-crash-license:12.0.0] AndroidManifest.xml:5:5-6:19
MERGED from [com.google.android.gms:play-services-basement-license:12.0.0] AndroidManifest.xml:5:5-6:19
MERGED from [com.google.android.gms:play-services-basement-license:12.0.0] AndroidManifest.xml:5:5-6:19
MERGED from [com.google.firebase:firebase-common-license:12.0.0] AndroidManifest.xml:5:5-6:19
MERGED from [com.google.firebase:firebase-common-license:12.0.0] AndroidManifest.xml:5:5-6:19
MERGED from [com.google.android.gms:play-services-tasks-license:12.0.0] AndroidManifest.xml:5:5-6:19
MERGED from [com.google.android.gms:play-services-tasks-license:12.0.0] AndroidManifest.xml:5:5-6:19
MERGED from [com.google.android.gms:play-services-base-license:12.0.0] AndroidManifest.xml:5:5-6:19
MERGED from [com.google.android.gms:play-services-base-license:12.0.0] AndroidManifest.xml:5:5-6:19
MERGED from [com.google.android.gms:play-services-auth-api-phone-license:12.0.0] AndroidManifest.xml:5:5-6:19
MERGED from [com.google.android.gms:play-services-auth-api-phone-license:12.0.0] AndroidManifest.xml:5:5-6:19
MERGED from [com.google.android.gms:play-services-auth-base-license:12.0.0] AndroidManifest.xml:5:5-6:19
MERGED from [com.google.android.gms:play-services-auth-base-license:12.0.0] AndroidManifest.xml:5:5-6:19
MERGED from [com.google.firebase:firebase-analytics-license:12.0.0] AndroidManifest.xml:5:5-6:19
MERGED from [com.google.firebase:firebase-analytics-license:12.0.0] AndroidManifest.xml:5:5-6:19
MERGED from [com.google.firebase:firebase-iid-license:12.0.0] AndroidManifest.xml:5:5-6:19
MERGED from [com.google.firebase:firebase-iid-license:12.0.0] AndroidManifest.xml:5:5-6:19
MERGED from [com.google.firebase:firebase-analytics-impl-license:12.0.0] AndroidManifest.xml:5:5-6:19
MERGED from [com.google.firebase:firebase-analytics-impl-license:12.0.0] AndroidManifest.xml:5:5-6:19
	android:supportsRtl
		ADDED from src\main\AndroidManifest.xml:29:9-35
	android:label
		ADDED from src\main\AndroidManifest.xml:28:9-41
	android:icon
		ADDED from src\main\AndroidManifest.xml:27:9-43
	android:allowBackup
		ADDED from src\main\AndroidManifest.xml:26:9-35
meta-data#com.google.firebase.messaging.default_notification_color
ADDED from src\main\AndroidManifest.xml:30:9-32:53
	android:resource
		ADDED from src\main\AndroidManifest.xml:32:13-50
	android:name
		ADDED from src\main\AndroidManifest.xml:31:13-84
meta-data#com.google.firebase.messaging.default_notification_icon
ADDED from src\main\AndroidManifest.xml:34:9-36:69
	android:resource
		ADDED from src\main\AndroidManifest.xml:36:13-66
	android:name
		ADDED from src\main\AndroidManifest.xml:35:13-83
activity#com.radiobicocca.android.ui.SplashActivity
ADDED from src\main\AndroidManifest.xml:39:9-48:20
	android:screenOrientation
		ADDED from src\main\AndroidManifest.xml:41:13-49
	android:theme
		ADDED from src\main\AndroidManifest.xml:42:13-67
	android:name
		ADDED from src\main\AndroidManifest.xml:40:13-46
intent-filter#action:name:android.intent.action.MAIN+category:name:android.intent.category.LAUNCHER
ADDED from src\main\AndroidManifest.xml:43:13-47:29
action#android.intent.action.MAIN
ADDED from src\main\AndroidManifest.xml:44:17-69
	android:name
		ADDED from src\main\AndroidManifest.xml:44:25-66
category#android.intent.category.LAUNCHER
ADDED from src\main\AndroidManifest.xml:46:17-77
	android:name
		ADDED from src\main\AndroidManifest.xml:46:27-74
activity#com.radiobicocca.android.ui.MainActivity
ADDED from src\main\AndroidManifest.xml:49:9-53:59
	android:screenOrientation
		ADDED from src\main\AndroidManifest.xml:52:13-49
	android:launchMode
		ADDED from src\main\AndroidManifest.xml:51:13-43
	android:theme
		ADDED from src\main\AndroidManifest.xml:53:13-56
	android:name
		ADDED from src\main\AndroidManifest.xml:50:13-44
service#com.radiobicocca.android.Service.MusicService
ADDED from src\main\AndroidManifest.xml:55:9-62:19
	android:enabled
		ADDED from src\main\AndroidManifest.xml:57:13-35
	android:exported
		ADDED from src\main\AndroidManifest.xml:58:13-36
	android:name
		ADDED from src\main\AndroidManifest.xml:56:13-49
intent-filter#action:name:android.media.browse.MediaBrowserService
ADDED from src\main\AndroidManifest.xml:59:13-61:29
action#android.media.browse.MediaBrowserService
ADDED from src\main\AndroidManifest.xml:60:17-83
	android:name
		ADDED from src\main\AndroidManifest.xml:60:25-80
service#com.radiobicocca.android.Firebase.MyFirebaseMessagingService
ADDED from src\main\AndroidManifest.xml:63:9-67:19
	android:name
		ADDED from src\main\AndroidManifest.xml:63:18-69
intent-filter#action:name:com.google.firebase.MESSAGING_EVENT
ADDED from src\main\AndroidManifest.xml:64:13-66:29
action#com.google.firebase.MESSAGING_EVENT
ADDED from src\main\AndroidManifest.xml:65:17-78
	android:name
		ADDED from src\main\AndroidManifest.xml:65:25-75
receiver#android.support.v4.media.session.MediaButtonReceiver
ADDED from src\main\AndroidManifest.xml:77:9-81:20
	android:name
		ADDED from src\main\AndroidManifest.xml:77:19-86
intent-filter#action:name:android.intent.action.MEDIA_BUTTON
ADDED from src\main\AndroidManifest.xml:78:13-80:29
action#android.intent.action.MEDIA_BUTTON
ADDED from src\main\AndroidManifest.xml:79:17-77
	android:name
		ADDED from src\main\AndroidManifest.xml:79:25-74
activity#com.radiobicocca.android.ui.ArticleDetailActivity
ADDED from src\main\AndroidManifest.xml:92:9-100:20
	android:parentActivityName
		ADDED from src\main\AndroidManifest.xml:95:13-65
	android:label
		ADDED from src\main\AndroidManifest.xml:94:13-57
	android:theme
		ADDED from src\main\AndroidManifest.xml:96:13-56
	android:name
		ADDED from src\main\AndroidManifest.xml:93:13-53
meta-data#android.support.PARENT_ACTIVITY
ADDED from src\main\AndroidManifest.xml:97:13-99:83
	android:value
		ADDED from src\main\AndroidManifest.xml:99:17-80
	android:name
		ADDED from src\main\AndroidManifest.xml:98:17-63
activity#com.radiobicocca.android.ui.BlogPostListActivity
ADDED from src\main\AndroidManifest.xml:101:9-110:20
	android:screenOrientation
		ADDED from src\main\AndroidManifest.xml:105:13-49
	android:parentActivityName
		ADDED from src\main\AndroidManifest.xml:104:13-58
	android:label
		ADDED from src\main\AndroidManifest.xml:103:13-45
	android:theme
		ADDED from src\main\AndroidManifest.xml:106:13-56
	android:name
		ADDED from src\main\AndroidManifest.xml:102:13-52
activity#com.radiobicocca.android.ui.ProgrammiActivity
ADDED from src\main\AndroidManifest.xml:111:9-120:20
	android:screenOrientation
		ADDED from src\main\AndroidManifest.xml:115:13-49
	android:parentActivityName
		ADDED from src\main\AndroidManifest.xml:114:13-58
	android:label
		ADDED from src\main\AndroidManifest.xml:113:13-51
	android:theme
		ADDED from src\main\AndroidManifest.xml:116:13-56
	android:name
		ADDED from src\main\AndroidManifest.xml:112:13-49
activity#com.radiobicocca.android.ui.InfoActivity
ADDED from src\main\AndroidManifest.xml:121:9-136:20
	android:screenOrientation
		ADDED from src\main\AndroidManifest.xml:125:13-49
	android:parentActivityName
		ADDED from src\main\AndroidManifest.xml:124:13-62
	android:label
		ADDED from src\main\AndroidManifest.xml:123:13-52
	android:theme
		ADDED from src\main\AndroidManifest.xml:126:13-56
	android:name
		ADDED from src\main\AndroidManifest.xml:122:13-44
intent-filter#action:name:android.intent.action.INFO+category:name:android.intent.category.DEFAULT
ADDED from src\main\AndroidManifest.xml:127:13-131:29
action#android.intent.action.INFO
ADDED from src\main\AndroidManifest.xml:128:17-69
	android:name
		ADDED from src\main\AndroidManifest.xml:128:25-66
category#android.intent.category.DEFAULT
ADDED from src\main\AndroidManifest.xml:130:17-76
	android:name
		ADDED from src\main\AndroidManifest.xml:130:27-73
activity#com.radiobicocca.android.ui.CommentActivity
ADDED from src\main\AndroidManifest.xml:137:9-147:20
	android:screenOrientation
		ADDED from src\main\AndroidManifest.xml:141:13-49
	android:parentActivityName
		ADDED from src\main\AndroidManifest.xml:140:13-58
	android:label
		ADDED from src\main\AndroidManifest.xml:139:13-51
	android:windowSoftInputMode
		ADDED from src\main\AndroidManifest.xml:143:13-67
	android:theme
		ADDED from src\main\AndroidManifest.xml:142:13-56
	android:name
		ADDED from src\main\AndroidManifest.xml:138:13-47
activity#com.radiobicocca.android.ui.SettingsActivity
ADDED from src\main\AndroidManifest.xml:148:9-157:20
	android:screenOrientation
		ADDED from src\main\AndroidManifest.xml:152:13-49
	android:parentActivityName
		ADDED from src\main\AndroidManifest.xml:151:13-58
	android:label
		ADDED from src\main\AndroidManifest.xml:150:13-60
	android:theme
		ADDED from src\main\AndroidManifest.xml:153:13-44
	android:name
		ADDED from src\main\AndroidManifest.xml:149:13-48
activity#com.radiobicocca.android.ui.EasterEggActivity
ADDED from src\main\AndroidManifest.xml:158:9-166:20
	android:screenOrientation
		ADDED from src\main\AndroidManifest.xml:161:13-50
	android:parentActivityName
		ADDED from src\main\AndroidManifest.xml:160:13-58
	android:theme
		ADDED from src\main\AndroidManifest.xml:162:13-56
	android:name
		ADDED from src\main\AndroidManifest.xml:159:13-49
activity#com.radiobicocca.android.ui.FollowUsActivity
ADDED from src\main\AndroidManifest.xml:167:9-176:20
	android:screenOrientation
		ADDED from src\main\AndroidManifest.xml:171:13-49
	android:parentActivityName
		ADDED from src\main\AndroidManifest.xml:170:13-58
	android:label
		ADDED from src\main\AndroidManifest.xml:169:13-36
	android:theme
		ADDED from src\main\AndroidManifest.xml:172:13-56
	android:name
		ADDED from src\main\AndroidManifest.xml:168:13-48
activity#com.radiobicocca.android.ui.TeamActivity
ADDED from src\main\AndroidManifest.xml:177:9-185:20
	android:screenOrientation
		ADDED from src\main\AndroidManifest.xml:180:13-49
	android:parentActivityName
		ADDED from src\main\AndroidManifest.xml:179:13-58
	android:label
		ADDED from src\main\AndroidManifest.xml:178:13-33
	android:theme
		ADDED from src\main\AndroidManifest.xml:181:13-56
	android:name
		ADDED from src\main\AndroidManifest.xml:177:19-50
activity#com.radiobicocca.android.ui.ProfileActivity
ADDED from src\main\AndroidManifest.xml:186:9-196:20
	android:screenOrientation
		ADDED from src\main\AndroidManifest.xml:190:13-49
	android:parentActivityName
		ADDED from src\main\AndroidManifest.xml:189:13-58
	android:label
		ADDED from src\main\AndroidManifest.xml:188:13-36
	android:windowSoftInputMode
		ADDED from src\main\AndroidManifest.xml:192:13-67
	android:theme
		ADDED from src\main\AndroidManifest.xml:191:13-67
	android:name
		ADDED from src\main\AndroidManifest.xml:187:13-47
meta-data#io.fabric.ApiKey
ADDED from src\main\AndroidManifest.xml:198:9-200:72
	android:value
		ADDED from src\main\AndroidManifest.xml:200:13-69
	android:name
		ADDED from src\main\AndroidManifest.xml:199:13-44
service#com.radiobicocca.android.Firebase.MyFirebaseInstanceIdService
ADDED from src\main\AndroidManifest.xml:205:9-209:19
	android:name
		ADDED from src\main\AndroidManifest.xml:205:18-70
intent-filter#action:name:com.google.firebase.INSTANCE_ID_EVENT
ADDED from src\main\AndroidManifest.xml:206:13-208:29
action#com.google.firebase.INSTANCE_ID_EVENT
ADDED from src\main\AndroidManifest.xml:207:17-80
	android:name
		ADDED from src\main\AndroidManifest.xml:207:25-77
meta-data#com.facebook.sdk.ApplicationId
ADDED from src\main\AndroidManifest.xml:213:9-215:55
	android:value
		ADDED from src\main\AndroidManifest.xml:215:13-52
	android:name
		ADDED from src\main\AndroidManifest.xml:214:13-58
activity#com.facebook.FacebookActivity
ADDED from src\main\AndroidManifest.xml:217:9-220:48
MERGED from [com.facebook.android:facebook-common:4.33.0] AndroidManifest.xml:29:9-32:66
MERGED from [com.facebook.android:facebook-common:4.33.0] AndroidManifest.xml:29:9-32:66
	android:label
		ADDED from src\main\AndroidManifest.xml:220:13-45
	android:configChanges
		ADDED from src\main\AndroidManifest.xml:219:13-96
	android:theme
		ADDED from [com.facebook.android:facebook-common:4.33.0] AndroidManifest.xml:32:13-63
	android:name
		ADDED from src\main\AndroidManifest.xml:218:13-57
activity#com.facebook.CustomTabActivity
ADDED from src\main\AndroidManifest.xml:221:9-232:20
	android:exported
		ADDED from src\main\AndroidManifest.xml:223:13-36
	android:name
		ADDED from src\main\AndroidManifest.xml:222:13-58
intent-filter#action:name:android.intent.action.VIEW+category:name:android.intent.category.BROWSABLE+category:name:android.intent.category.DEFAULT+data:scheme:@string/fb_login_protocol_scheme
ADDED from src\main\AndroidManifest.xml:224:13-231:29
action#android.intent.action.VIEW
ADDED from src\main\AndroidManifest.xml:225:17-69
	android:name
		ADDED from src\main\AndroidManifest.xml:225:25-66
category#android.intent.category.BROWSABLE
ADDED from src\main\AndroidManifest.xml:228:17-78
	android:name
		ADDED from src\main\AndroidManifest.xml:228:27-75
data
ADDED from src\main\AndroidManifest.xml:230:17-75
	android:scheme
		ADDED from src\main\AndroidManifest.xml:230:23-72
uses-sdk
INJECTED from src\main\AndroidManifest.xml reason: use-sdk injection requested
INJECTED from src\main\AndroidManifest.xml
INJECTED from src\main\AndroidManifest.xml
MERGED from [com.jackandphantom.android:blurimage:1.2.0] AndroidManifest.xml:7:5-9:41
MERGED from [com.jackandphantom.android:blurimage:1.2.0] AndroidManifest.xml:7:5-9:41
MERGED from [com.android.support:support-v13:26.1.0] AndroidManifest.xml:21:5-23:55
MERGED from [com.android.support:support-v13:26.1.0] AndroidManifest.xml:21:5-23:55
MERGED from [com.google.firebase:firebase-firestore:12.0.0] AndroidManifest.xml:6:5-44
MERGED from [com.google.firebase:firebase-firestore:12.0.0] AndroidManifest.xml:6:5-44
MERGED from [com.google.firebase:firebase-auth:12.0.0] AndroidManifest.xml:20:5-44
MERGED from [com.google.firebase:firebase-auth:12.0.0] AndroidManifest.xml:20:5-44
MERGED from [com.google.android.gms:play-services-auth:12.0.0] AndroidManifest.xml:20:5-44
MERGED from [com.google.android.gms:play-services-auth:12.0.0] AndroidManifest.xml:20:5-44
MERGED from [com.google.firebase:firebase-messaging:12.0.0] AndroidManifest.xml:20:5-44
MERGED from [com.google.firebase:firebase-messaging:12.0.0] AndroidManifest.xml:20:5-44
MERGED from [com.google.firebase:firebase-crash:12.0.0] AndroidManifest.xml:20:5-44
MERGED from [com.google.firebase:firebase-crash:12.0.0] AndroidManifest.xml:20:5-44
MERGED from [com.google.firebase:firebase-core:12.0.0] AndroidManifest.xml:4:5-43
MERGED from [com.google.firebase:firebase-core:12.0.0] AndroidManifest.xml:4:5-43
MERGED from [com.google.firebase:firebase-analytics:12.0.0] AndroidManifest.xml:20:5-44